POST: Array
(
    [identificacion] => qwertyuio
)

Identificación recibida: qwertyuio
Consulta: SELECT nombre, email, identificacion, telefono FROM monitor WHERE identificacion = ? con ID: qwertyuio
Datos recibidos: {"identificacion":"qwertyuio","nombre":"Juan Pérem","email":"juan.perez@example.com","telefono":"123456789"}
POST: Array
(
    [identificacion] => qwertyuio
)

Identificación recibida: qwertyuio
Consulta: SELECT nombre, email, identificacion, telefono FROM monitor WHERE identificacion = ? con ID: qwertyuio
Datos recibidos: {"identificacion":"qwertyuio","nombre":"Juan Pérem","email":"juan.perez@example.com","telefono":"123456789"}
POST: Array
(
    [identificacion] => qwertyuio
)

Identificación recibida: qwertyuio
Consulta: SELECT nombre, email, identificacion, telefono FROM monitor WHERE identificacion = ? con ID: qwertyuio
Datos recibidos: {"identificacion":"qwertyuio","nombre":"Juan Pérem","email":"juan.perez@example.com","telefono":"123456789"}
POST: Array
(
    [identificacion] => qwertyuio
)

Identificación recibida: qwertyuio
Consulta: SELECT nombre, email, identificacion, telefono FROM monitor WHERE identificacion = ? con ID: qwertyuio
POST: Array
(
    [identificacion] => qwertyuio
)

Identificación recibida: qwertyuio
Consulta: SELECT nombre, email, identificacion, telefono FROM monitor WHERE identificacion = ? con ID: qwertyuio
POST: Array
(
    [identificacion] => qwertyuio
)

Identificación recibida: qwertyuio
Consulta: SELECT nombre, email, identificacion, telefono FROM monitor WHERE identificacion = ? con ID: qwertyuio
POST: Array
(
    [identificacion] => qwertyuio
)

Identificación recibida: qwertyuio
Consulta: SELECT nombre, email, identificacion, telefono FROM monitor WHERE identificacion = ? con ID: qwertyuio
Datos recibidos: {"identificacion":"qwertyuio","nombre":"Juan Pérez","email":"juan.perez@example.com","telefono":"123456789"}
POST: Array
(
    [identificacion] => qwertyuio
)

Identificación recibida: qwertyuio
Consulta: SELECT nombre, email, identificacion, telefono FROM monitor WHERE identificacion = ? con ID: qwertyuio
POST: Array
(
    [identificacion] => qwertyuio
)

Identificación recibida: qwertyuio
Consulta: SELECT nombre, email, identificacion, telefono FROM monitor WHERE identificacion = ? con ID: qwertyuio
POST: Array
(
    [identificacion] => qwertyuio
)

Identificación recibida: qwertyuio
Consulta: SELECT nombre, email, identificacion, telefono FROM monitor WHERE identificacion = ? con ID: qwertyuio
POST: Array
(
    [identificacion] => qwertyuio
)

Identificación recibida: qwertyuio
Consulta: SELECT nombre, email, identificacion, telefono FROM monitor WHERE identificacion = ? con ID: qwertyuio
POST: Array
(
    [identificacion] => qwertyuio
)

Identificación recibida: qwertyuio
Consulta: SELECT nombre, email, identificacion, telefono FROM monitor WHERE identificacion = ? con ID: qwertyuio
Datos recibidos: {"identificacion":"qwertyuio","nombre":"Juan Pérez","email":"juan.perez@example.com","telefono":"123456789"}
POST: Array
(
    [identificacion] => qwertyuio
)

Identificación recibida: qwertyuio
Consulta: SELECT nombre, email, identificacion, telefono FROM monitor WHERE identificacion = ? con ID: qwertyuio
Datos recibidos: {"identificacion":"qwertyuio","nombre":"Juan Pérez","email":"juan.perez@example.com","telefono":"123456789"}
POST: Array
(
    [identificacion] => qwertyuio
)

Identificación recibida: qwertyuio
Consulta: SELECT nombre, email, identificacion, telefono FROM monitor WHERE identificacion = ? con ID: qwertyuio
POST: Array
(
    [identificacion] => qwertyuio
)

Identificación recibida: qwertyuio
Consulta: SELECT nombre, email, identificacion, telefono FROM monitor WHERE identificacion = ? con ID: qwertyuio
POST: Array
(
    [identificacion] => qwertyuio
)

Identificación recibida: qwertyuio
Consulta: SELECT nombre, email, identificacion, telefono FROM monitor WHERE identificacion = ? con ID: qwertyuio
Datos recibidos: {"identificacion":"qwertyuio","nombre":"Juan Pérez","email":"juan.perettrvcz@example.com","telefono":"123456789"}
POST: Array
(
    [identificacion] => qwertyuio
)

Identificación recibida: qwertyuio
Consulta: SELECT nombre, email, identificacion, telefono FROM monitor WHERE identificacion = ? con ID: qwertyuio
POST: Array
(
    [identificacion] => qwertyuio
)

Identificación recibida: qwertyuio
Consulta: SELECT nombre, email, identificacion, telefono FROM monitor WHERE identificacion = ? con ID: qwertyuio
POST: Array
(
    [identificacion] => qwertyuio
)

Identificación recibida: qwertyuio
Consulta: SELECT nombre, email, identificacion, telefono FROM monitor WHERE identificacion = ? con ID: qwertyuio
POST: Array
(
    [identificacion] => qwertyuio
)

Identificación recibida: qwertyuio
Consulta: SELECT nombre, email, identificacion, telefono FROM monitor WHERE identificacion = ? con ID: qwertyuio
POST: Array
(
    [identificacion] => qwertyuio
)

Identificación recibida: qwertyuio
Consulta: SELECT nombre, email, identificacion, telefono FROM monitor WHERE identificacion = ? con ID: qwertyuio
POST: Array
(
    [identificacion] => qwertyuio
)

Identificación recibida: qwertyuio
Consulta: SELECT nombre, email, identificacion, telefono FROM monitor WHERE identificacion = ? con ID: qwertyuio
POST: Array
(
    [identificacion] => qwertyuio
)

Identificación recibida: qwertyuio
Consulta: SELECT nombre, email, identificacion, telefono FROM monitor WHERE identificacion = ? con ID: qwertyuio
POST: Array
(
    [identificacion] => qwertyuio
)

Identificación recibida: qwertyuio
Consulta: SELECT nombre, email, identificacion, telefono FROM monitor WHERE identificacion = ? con ID: qwertyuio
POST: Array
(
    [identificacion] => qwertyuio
)

Identificación recibida: qwertyuio
Consulta: SELECT nombre, email, identificacion, telefono FROM monitor WHERE identificacion = ? con ID: qwertyuio
POST: Array
(
    [identificacion] => qwertyuio
)

Identificación recibida: qwertyuio
Consulta: SELECT nombre, email, identificacion, telefono FROM monitor WHERE identificacion = ? con ID: qwertyuio
POST: Array
(
    [identificacion] => qwertyuio
)

Identificación recibida: qwertyuio
Consulta: SELECT nombre, email, identificacion, telefono FROM monitor WHERE identificacion = ? con ID: qwertyuio
POST: Array
(
    [identificacion] => qwertyuio
)

Identificación recibida: qwertyuio
Consulta: SELECT nombre, email, identificacion, telefono FROM monitor WHERE identificacion = ? con ID: qwertyuio
POST: Array
(
    [identificacion] => qwertyuio
)

Identificación recibida: qwertyuio
Consulta: SELECT nombre, email, identificacion, telefono FROM monitor WHERE identificacion = ? con ID: qwertyuio
POST: Array
(
    [identificacion] => qwertyuio
)

Identificación recibida: qwertyuio
Consulta: SELECT nombre, email, identificacion, telefono FROM monitor WHERE identificacion = ? con ID: qwertyuio
Datos recibidos: {"identificacion":"qwertyuio","nombre":"Juan si","email":"juan.perez@example.com","telefono":"123456789"}
